Puzzle 1:

Q 0 0 0 0 0 0 0 
0 0 0 0 Q 0 0 0 
0 0 0 0 0 0 0 Q 
0 0 0 0 0 Q 0 0 
0 0 Q 0 0 0 0 0 
0 0 0 0 0 0 Q 0 
0 Q 0 0 0 0 0 0 
0 0 0 Q 0 0 0 0 


Puzzle 2:

Q 0 0 0 0 0 0 0 
0 0 0 0 0 Q 0 0 
0 0 0 0 0 0 0 Q 
0 0 Q 0 0 0 0 0 
0 0 0 0 0 0 Q 0 
0 0 0 Q 0 0 0 0 
0 Q 0 0 0 0 0 0 
0 0 0 0 Q 0 0 0 


Puzzle 3:

Q 0 0 0 0 0 0 0 
0 0 0 0 0 0 Q 0 
0 0 0 Q 0 0 0 0 
0 0 0 0 0 Q 0 0 
0 0 0 0 0 0 0 Q 
0 Q 0 0 0 0 0 0 
0 0 0 0 Q 0 0 0 
0 0 Q 0 0 0 0 0 


Puzzle 4:

Q 0 0 0 0 0 0 0 
0 0 0 0 0 0 Q 0 
0 0 0 0 Q 0 0 0 
0 0 0 0 0 0 0 Q 
0 Q 0 0 0 0 0 0 
0 0 0 Q 0 0 0 0 
0 0 0 0 0 Q 0 0 
0 0 Q 0 0 0 0 0 


Puzzle 5:

0 Q 0 0 0 0 0 0 
0 0 0 Q 0 0 0 0 
0 0 0 0 0 Q 0 0 
0 0 0 0 0 0 0 Q 
0 0 Q 0 0 0 0 0 
Q 0 0 0 0 0 0 0 
0 0 0 0 0 0 Q 0 
0 0 0 0 Q 0 0 0 


Puzzle 6:

0 Q 0 0 0 0 0 0 
0 0 0 0 Q 0 0 0 
0 0 0 0 0 0 Q 0 
Q 0 0 0 0 0 0 0 
0 0 Q 0 0 0 0 0 
0 0 0 0 0 0 0 Q 
0 0 0 0 0 Q 0 0 
0 0 0 Q 0 0 0 0 


Puzzle 7:

0 Q 0 0 0 0 0 0 
0 0 0 0 Q 0 0 0 
0 0 0 0 0 0 Q 0 
0 0 0 Q 0 0 0 0 
Q 0 0 0 0 0 0 0 
0 0 0 0 0 0 0 Q 
0 0 0 0 0 Q 0 0 
0 0 Q 0 0 0 0 0 


Puzzle 8:

0 Q 0 0 0 0 0 0 
0 0 0 0 0 Q 0 0 
Q 0 0 0 0 0 0 0 
0 0 0 0 0 0 Q 0 
0 0 0 Q 0 0 0 0 
0 0 0 0 0 0 0 Q 
0 0 Q 0 0 0 0 0 
0 0 0 0 Q 0 0 0 


Puzzle 9:

0 Q 0 0 0 0 0 0 
0 0 0 0 0 Q 0 0 
0 0 0 0 0 0 0 Q 
0 0 Q 0 0 0 0 0 
Q 0 0 0 0 0 0 0 
0 0 0 Q 0 0 0 0 
0 0 0 0 0 0 Q 0 
0 0 0 0 Q 0 0 0 


Puzzle 10:

0 Q 0 0 0 0 0 0 
0 0 0 0 0 0 Q 0 
0 0 Q 0 0 0 0 0 
0 0 0 0 0 Q 0 0 
0 0 0 0 0 0 0 Q 
0 0 0 0 Q 0 0 0 
Q 0 0 0 0 0 0 0 
0 0 0 Q 0 0 0 0 


Puzzle 11:

0 Q 0 0 0 0 0 0 
0 0 0 0 0 0 Q 0 
0 0 0 0 Q 0 0 0 
0 0 0 0 0 0 0 Q 
Q 0 0 0 0 0 0 0 
0 0 0 Q 0 0 0 0 
0 0 0 0 0 Q 0 0 
0 0 Q 0 0 0 0 0 


Puzzle 12:

0 Q 0 0 0 0 0 0 
0 0 0 0 0 0 0 Q 
0 0 0 0 0 Q 0 0 
Q 0 0 0 0 0 0 0 
0 0 Q 0 0 0 0 0 
0 0 0 0 Q 0 0 0 
0 0 0 0 0 0 Q 0 
0 0 0 Q 0 0 0 0 


Puzzle 13:

0 0 Q 0 0 0 0 0 
Q 0 0 0 0 0 0 0 
0 0 0 0 0 0 Q 0 
0 0 0 0 Q 0 0 0 
0 0 0 0 0 0 0 Q 
0 Q 0 0 0 0 0 0 
0 0 0 Q 0 0 0 0 
0 0 0 0 0 Q 0 0 


Puzzle 14:

0 0 Q 0 0 0 0 0 
0 0 0 0 Q 0 0 0 
0 Q 0 0 0 0 0 0 
0 0 0 0 0 0 0 Q 
Q 0 0 0 0 0 0 0 
0 0 0 0 0 0 Q 0 
0 0 0 Q 0 0 0 0 
0 0 0 0 0 Q 0 0 


Puzzle 15:

0 0 Q 0 0 0 0 0 
0 0 0 0 Q 0 0 0 
0 Q 0 0 0 0 0 0 
0 0 0 0 0 0 0 Q 
0 0 0 0 0 Q 0 0 
0 0 0 Q 0 0 0 0 
0 0 0 0 0 0 Q 0 
Q 0 0 0 0 0 0 0 


Puzzle 16:

0 0 Q 0 0 0 0 0 
0 0 0 0 Q 0 0 0 
0 0 0 0 0 0 Q 0 
Q 0 0 0 0 0 0 0 
0 0 0 Q 0 0 0 0 
0 Q 0 0 0 0 0 0 
0 0 0 0 0 0 0 Q 
0 0 0 0 0 Q 0 0 


Puzzle 17:

0 0 Q 0 0 0 0 0 
0 0 0 0 Q 0 0 0 
0 0 0 0 0 0 0 Q 
0 0 0 Q 0 0 0 0 
Q 0 0 0 0 0 0 0 
0 0 0 0 0 0 Q 0 
0 Q 0 0 0 0 0 0 
0 0 0 0 0 Q 0 0 


Puzzle 18:

0 0 Q 0 0 0 0 0 
0 0 0 0 0 Q 0 0 
0 Q 0 0 0 0 0 0 
0 0 0 0 Q 0 0 0 
0 0 0 0 0 0 0 Q 
Q 0 0 0 0 0 0 0 
0 0 0 0 0 0 Q 0 
0 0 0 Q 0 0 0 0 


Puzzle 19:

0 0 Q 0 0 0 0 0 
0 0 0 0 0 Q 0 0 
0 Q 0 0 0 0 0 0 
0 0 0 0 0 0 Q 0 
Q 0 0 0 0 0 0 0 
0 0 0 Q 0 0 0 0 
0 0 0 0 0 0 0 Q 
0 0 0 0 Q 0 0 0 


Puzzle 20:

0 0 Q 0 0 0 0 0 
0 0 0 0 0 Q 0 0 
0 Q 0 0 0 0 0 0 
0 0 0 0 0 0 Q 0 
0 0 0 0 Q 0 0 0 
Q 0 0 0 0 0 0 0 
0 0 0 0 0 0 0 Q 
0 0 0 Q 0 0 0 0 


Puzzle 21:

0 0 Q 0 0 0 0 0 
0 0 0 0 0 Q 0 0 
0 0 0 Q 0 0 0 0 
Q 0 0 0 0 0 0 0 
0 0 0 0 0 0 0 Q 
0 0 0 0 Q 0 0 0 
0 0 0 0 0 0 Q 0 
0 Q 0 0 0 0 0 0 


Puzzle 22:

0 0 Q 0 0 0 0 0 
0 0 0 0 0 Q 0 0 
0 0 0 Q 0 0 0 0 
0 Q 0 0 0 0 0 0 
0 0 0 0 0 0 0 Q 
0 0 0 0 Q 0 0 0 
0 0 0 0 0 0 Q 0 
Q 0 0 0 0 0 0 0 


Puzzle 23:

0 0 Q 0 0 0 0 0 
0 0 0 0 0 Q 0 0 
0 0 0 0 0 0 0 Q 
Q 0 0 0 0 0 0 0 
0 0 0 Q 0 0 0 0 
0 0 0 0 0 0 Q 0 
0 0 0 0 Q 0 0 0 
0 Q 0 0 0 0 0 0 


Puzzle 24:

0 0 Q 0 0 0 0 0 
0 0 0 0 0 Q 0 0 
0 0 0 0 0 0 0 Q 
Q 0 0 0 0 0 0 0 
0 0 0 0 Q 0 0 0 
0 0 0 0 0 0 Q 0 
0 Q 0 0 0 0 0 0 
0 0 0 Q 0 0 0 0 


Puzzle 25:

0 0 Q 0 0 0 0 0 
0 0 0 0 0 Q 0 0 
0 0 0 0 0 0 0 Q 
0 Q 0 0 0 0 0 0 
0 0 0 Q 0 0 0 0 
Q 0 0 0 0 0 0 0 
0 0 0 0 0 0 Q 0 
0 0 0 0 Q 0 0 0 


Puzzle 26:

0 0 Q 0 0 0 0 0 
0 0 0 0 0 0 Q 0 
0 Q 0 0 0 0 0 0 
0 0 0 0 0 0 0 Q 
0 0 0 0 Q 0 0 0 
Q 0 0 0 0 0 0 0 
0 0 0 Q 0 0 0 0 
0 0 0 0 0 Q 0 0 


Puzzle 27:

0 0 Q 0 0 0 0 0 
0 0 0 0 0 0 Q 0 
0 Q 0 0 0 0 0 0 
0 0 0 0 0 0 0 Q 
0 0 0 0 0 Q 0 0 
0 0 0 Q 0 0 0 0 
Q 0 0 0 0 0 0 0 
0 0 0 0 Q 0 0 0 


Puzzle 28:

0 0 Q 0 0 0 0 0 
0 0 0 0 0 0 0 Q 
0 0 0 Q 0 0 0 0 
0 0 0 0 0 0 Q 0 
Q 0 0 0 0 0 0 0 
0 0 0 0 0 Q 0 0 
0 Q 0 0 0 0 0 0 
0 0 0 0 Q 0 0 0 


Puzzle 29:

0 0 0 Q 0 0 0 0 
Q 0 0 0 0 0 0 0 
0 0 0 0 Q 0 0 0 
0 0 0 0 0 0 0 Q 
0 Q 0 0 0 0 0 0 
0 0 0 0 0 0 Q 0 
0 0 Q 0 0 0 0 0 
0 0 0 0 0 Q 0 0 


Puzzle 30:

0 0 0 Q 0 0 0 0 
Q 0 0 0 0 0 0 0 
0 0 0 0 Q 0 0 0 
0 0 0 0 0 0 0 Q 
0 0 0 0 0 Q 0 0 
0 0 Q 0 0 0 0 0 
0 0 0 0 0 0 Q 0 
0 Q 0 0 0 0 0 0 


Puzzle 31:

0 0 0 Q 0 0 0 0 
0 Q 0 0 0 0 0 0 
0 0 0 0 Q 0 0 0 
0 0 0 0 0 0 0 Q 
0 0 0 0 0 Q 0 0 
Q 0 0 0 0 0 0 0 
0 0 Q 0 0 0 0 0 
0 0 0 0 0 0 Q 0 


Puzzle 32:

0 0 0 Q 0 0 0 0 
0 Q 0 0 0 0 0 0 
0 0 0 0 0 0 Q 0 
0 0 Q 0 0 0 0 0 
0 0 0 0 0 Q 0 0 
0 0 0 0 0 0 0 Q 
Q 0 0 0 0 0 0 0 
0 0 0 0 Q 0 0 0 


Puzzle 33:

0 0 0 Q 0 0 0 0 
0 Q 0 0 0 0 0 0 
0 0 0 0 0 0 Q 0 
0 0 Q 0 0 0 0 0 
0 0 0 0 0 Q 0 0 
0 0 0 0 0 0 0 Q 
0 0 0 0 Q 0 0 0 
Q 0 0 0 0 0 0 0 


Puzzle 34:

0 0 0 Q 0 0 0 0 
0 Q 0 0 0 0 0 0 
0 0 0 0 0 0 Q 0 
0 0 0 0 Q 0 0 0 
Q 0 0 0 0 0 0 0 
0 0 0 0 0 0 0 Q 
0 0 0 0 0 Q 0 0 
0 0 Q 0 0 0 0 0 


Puzzle 35:

0 0 0 Q 0 0 0 0 
0 Q 0 0 0 0 0 0 
0 0 0 0 0 0 0 Q 
0 0 0 0 Q 0 0 0 
0 0 0 0 0 0 Q 0 
Q 0 0 0 0 0 0 0 
0 0 Q 0 0 0 0 0 
0 0 0 0 0 Q 0 0 


Puzzle 36:

0 0 0 Q 0 0 0 0 
0 Q 0 0 0 0 0 0 
0 0 0 0 0 0 0 Q 
0 0 0 0 0 Q 0 0 
Q 0 0 0 0 0 0 0 
0 0 Q 0 0 0 0 0 
0 0 0 0 Q 0 0 0 
0 0 0 0 0 0 Q 0 


Puzzle 37:

0 0 0 Q 0 0 0 0 
0 0 0 0 0 Q 0 0 
Q 0 0 0 0 0 0 0 
0 0 0 0 Q 0 0 0 
0 Q 0 0 0 0 0 0 
0 0 0 0 0 0 0 Q 
0 0 Q 0 0 0 0 0 
0 0 0 0 0 0 Q 0 


Puzzle 38:

0 0 0 Q 0 0 0 0 
0 0 0 0 0 Q 0 0 
0 0 0 0 0 0 0 Q 
0 Q 0 0 0 0 0 0 
0 0 0 0 0 0 Q 0 
Q 0 0 0 0 0 0 0 
0 0 Q 0 0 0 0 0 
0 0 0 0 Q 0 0 0 


Puzzle 39:

0 0 0 Q 0 0 0 0 
0 0 0 0 0 Q 0 0 
0 0 0 0 0 0 0 Q 
0 0 Q 0 0 0 0 0 
Q 0 0 0 0 0 0 0 
0 0 0 0 0 0 Q 0 
0 0 0 0 Q 0 0 0 
0 Q 0 0 0 0 0 0 


Puzzle 40:

0 0 0 Q 0 0 0 0 
0 0 0 0 0 0 Q 0 
Q 0 0 0 0 0 0 0 
0 0 0 0 0 0 0 Q 
0 0 0 0 Q 0 0 0 
0 Q 0 0 0 0 0 0 
0 0 0 0 0 Q 0 0 
0 0 Q 0 0 0 0 0 


Puzzle 41:

0 0 0 Q 0 0 0 0 
0 0 0 0 0 0 Q 0 
0 0 Q 0 0 0 0 0 
0 0 0 0 0 0 0 Q 
0 Q 0 0 0 0 0 0 
0 0 0 0 Q 0 0 0 
Q 0 0 0 0 0 0 0 
0 0 0 0 0 Q 0 0 


Puzzle 42:

0 0 0 Q 0 0 0 0 
0 0 0 0 0 0 Q 0 
0 0 0 0 Q 0 0 0 
0 Q 0 0 0 0 0 0 
0 0 0 0 0 Q 0 0 
Q 0 0 0 0 0 0 0 
0 0 Q 0 0 0 0 0 
0 0 0 0 0 0 0 Q 


Puzzle 43:

0 0 0 Q 0 0 0 0 
0 0 0 0 0 0 Q 0 
0 0 0 0 Q 0 0 0 
0 0 Q 0 0 0 0 0 
Q 0 0 0 0 0 0 0 
0 0 0 0 0 Q 0 0 
0 0 0 0 0 0 0 Q 
0 Q 0 0 0 0 0 0 


Puzzle 44:

0 0 0 Q 0 0 0 0 
0 0 0 0 0 0 0 Q 
Q 0 0 0 0 0 0 0 
0 0 Q 0 0 0 0 0 
0 0 0 0 0 Q 0 0 
0 Q 0 0 0 0 0 0 
0 0 0 0 0 0 Q 0 
0 0 0 0 Q 0 0 0 


Puzzle 45:

0 0 0 Q 0 0 0 0 
0 0 0 0 0 0 0 Q 
Q 0 0 0 0 0 0 0 
0 0 0 0 Q 0 0 0 
0 0 0 0 0 0 Q 0 
0 Q 0 0 0 0 0 0 
0 0 0 0 0 Q 0 0 
0 0 Q 0 0 0 0 0 


Puzzle 46:

0 0 0 Q 0 0 0 0 
0 0 0 0 0 0 0 Q 
0 0 0 0 Q 0 0 0 
0 0 Q 0 0 0 0 0 
Q 0 0 0 0 0 0 0 
0 0 0 0 0 0 Q 0 
0 Q 0 0 0 0 0 0 
0 0 0 0 0 Q 0 0 


Puzzle 47:

0 0 0 0 Q 0 0 0 
Q 0 0 0 0 0 0 0 
0 0 0 Q 0 0 0 0 
0 0 0 0 0 Q 0 0 
0 0 0 0 0 0 0 Q 
0 Q 0 0 0 0 0 0 
0 0 0 0 0 0 Q 0 
0 0 Q 0 0 0 0 0 


Puzzle 48:

0 0 0 0 Q 0 0 0 
Q 0 0 0 0 0 0 0 
0 0 0 0 0 0 0 Q 
0 0 0 Q 0 0 0 0 
0 Q 0 0 0 0 0 0 
0 0 0 0 0 0 Q 0 
0 0 Q 0 0 0 0 0 
0 0 0 0 0 Q 0 0 


Puzzle 49:

0 0 0 0 Q 0 0 0 
Q 0 0 0 0 0 0 0 
0 0 0 0 0 0 0 Q 
0 0 0 0 0 Q 0 0 
0 0 Q 0 0 0 0 0 
0 0 0 0 0 0 Q 0 
0 Q 0 0 0 0 0 0 
0 0 0 Q 0 0 0 0 


Puzzle 50:

0 0 0 0 Q 0 0 0 
0 Q 0 0 0 0 0 0 
0 0 0 Q 0 0 0 0 
0 0 0 0 0 Q 0 0 
0 0 0 0 0 0 0 Q 
0 0 Q 0 0 0 0 0 
Q 0 0 0 0 0 0 0 
0 0 0 0 0 0 Q 0 


Puzzle 51:

0 0 0 0 Q 0 0 0 
0 Q 0 0 0 0 0 0 
0 0 0 Q 0 0 0 0 
0 0 0 0 0 0 Q 0 
0 0 Q 0 0 0 0 0 
0 0 0 0 0 0 0 Q 
0 0 0 0 0 Q 0 0 
Q 0 0 0 0 0 0 0 


Puzzle 52:

0 0 0 0 Q 0 0 0 
0 Q 0 0 0 0 0 0 
0 0 0 0 0 Q 0 0 
Q 0 0 0 0 0 0 0 
0 0 0 0 0 0 Q 0 
0 0 0 Q 0 0 0 0 
0 0 0 0 0 0 0 Q 
0 0 Q 0 0 0 0 0 


Puzzle 53:

0 0 0 0 Q 0 0 0 
0 Q 0 0 0 0 0 0 
0 0 0 0 0 0 0 Q 
Q 0 0 0 0 0 0 0 
0 0 0 Q 0 0 0 0 
0 0 0 0 0 0 Q 0 
0 0 Q 0 0 0 0 0 
0 0 0 0 0 Q 0 0 


Puzzle 54:

0 0 0 0 Q 0 0 0 
0 0 Q 0 0 0 0 0 
Q 0 0 0 0 0 0 0 
0 0 0 0 0 Q 0 0 
0 0 0 0 0 0 0 Q 
0 Q 0 0 0 0 0 0 
0 0 0 Q 0 0 0 0 
0 0 0 0 0 0 Q 0 


Puzzle 55:

0 0 0 0 Q 0 0 0 
0 0 Q 0 0 0 0 0 
Q 0 0 0 0 0 0 0 
0 0 0 0 0 0 Q 0 
0 Q 0 0 0 0 0 0 
0 0 0 0 0 0 0 Q 
0 0 0 0 0 Q 0 0 
0 0 0 Q 0 0 0 0 


Puzzle 56:

0 0 0 0 Q 0 0 0 
0 0 Q 0 0 0 0 0 
0 0 0 0 0 0 0 Q 
0 0 0 Q 0 0 0 0 
0 0 0 0 0 0 Q 0 
Q 0 0 0 0 0 0 0 
0 0 0 0 0 Q 0 0 
0 Q 0 0 0 0 0 0 


Puzzle 57:

0 0 0 0 Q 0 0 0 
0 0 0 0 0 0 Q 0 
Q 0 0 0 0 0 0 0 
0 0 Q 0 0 0 0 0 
0 0 0 0 0 0 0 Q 
0 0 0 0 0 Q 0 0 
0 0 0 Q 0 0 0 0 
0 Q 0 0 0 0 0 0 


Puzzle 58:

0 0 0 0 Q 0 0 0 
0 0 0 0 0 0 Q 0 
Q 0 0 0 0 0 0 0 
0 0 0 Q 0 0 0 0 
0 Q 0 0 0 0 0 0 
0 0 0 0 0 0 0 Q 
0 0 0 0 0 Q 0 0 
0 0 Q 0 0 0 0 0 


Puzzle 59:

0 0 0 0 Q 0 0 0 
0 0 0 0 0 0 Q 0 
0 Q 0 0 0 0 0 0 
0 0 0 Q 0 0 0 0 
0 0 0 0 0 0 0 Q 
Q 0 0 0 0 0 0 0 
0 0 Q 0 0 0 0 0 
0 0 0 0 0 Q 0 0 


Puzzle 60:

0 0 0 0 Q 0 0 0 
0 0 0 0 0 0 Q 0 
0 Q 0 0 0 0 0 0 
0 0 0 0 0 Q 0 0 
0 0 Q 0 0 0 0 0 
Q 0 0 0 0 0 0 0 
0 0 0 Q 0 0 0 0 
0 0 0 0 0 0 0 Q 


Puzzle 61:

0 0 0 0 Q 0 0 0 
0 0 0 0 0 0 Q 0 
0 Q 0 0 0 0 0 0 
0 0 0 0 0 Q 0 0 
0 0 Q 0 0 0 0 0 
Q 0 0 0 0 0 0 0 
0 0 0 0 0 0 0 Q 
0 0 0 Q 0 0 0 0 


Puzzle 62:

0 0 0 0 Q 0 0 0 
0 0 0 0 0 0 Q 0 
0 0 0 Q 0 0 0 0 
Q 0 0 0 0 0 0 0 
0 0 Q 0 0 0 0 0 
0 0 0 0 0 0 0 Q 
0 0 0 0 0 Q 0 0 
0 Q 0 0 0 0 0 0 


Puzzle 63:

0 0 0 0 Q 0 0 0 
0 0 0 0 0 0 0 Q 
0 0 0 Q 0 0 0 0 
Q 0 0 0 0 0 0 0 
0 0 Q 0 0 0 0 0 
0 0 0 0 0 Q 0 0 
0 Q 0 0 0 0 0 0 
0 0 0 0 0 0 Q 0 


Puzzle 64:

0 0 0 0 Q 0 0 0 
0 0 0 0 0 0 0 Q 
0 0 0 Q 0 0 0 0 
Q 0 0 0 0 0 0 0 
0 0 0 0 0 0 Q 0 
0 Q 0 0 0 0 0 0 
0 0 0 0 0 Q 0 0 
0 0 Q 0 0 0 0 0 


Puzzle 65:

0 0 0 0 0 Q 0 0 
Q 0 0 0 0 0 0 0 
0 0 0 0 Q 0 0 0 
0 Q 0 0 0 0 0 0 
0 0 0 0 0 0 0 Q 
0 0 Q 0 0 0 0 0 
0 0 0 0 0 0 Q 0 
0 0 0 Q 0 0 0 0 


Puzzle 66:

0 0 0 0 0 Q 0 0 
0 Q 0 0 0 0 0 0 
0 0 0 0 0 0 Q 0 
Q 0 0 0 0 0 0 0 
0 0 Q 0 0 0 0 0 
0 0 0 0 Q 0 0 0 
0 0 0 0 0 0 0 Q 
0 0 0 Q 0 0 0 0 


Puzzle 67:

0 0 0 0 0 Q 0 0 
0 Q 0 0 0 0 0 0 
0 0 0 0 0 0 Q 0 
Q 0 0 0 0 0 0 0 
0 0 0 Q 0 0 0 0 
0 0 0 0 0 0 0 Q 
0 0 0 0 Q 0 0 0 
0 0 Q 0 0 0 0 0 


Puzzle 68:

0 0 0 0 0 Q 0 0 
0 0 Q 0 0 0 0 0 
Q 0 0 0 0 0 0 0 
0 0 0 0 0 0 Q 0 
0 0 0 0 Q 0 0 0 
0 0 0 0 0 0 0 Q 
0 Q 0 0 0 0 0 0 
0 0 0 Q 0 0 0 0 


Puzzle 69:

0 0 0 0 0 Q 0 0 
0 0 Q 0 0 0 0 0 
Q 0 0 0 0 0 0 0 
0 0 0 0 0 0 0 Q 
0 0 0 Q 0 0 0 0 
0 Q 0 0 0 0 0 0 
0 0 0 0 0 0 Q 0 
0 0 0 0 Q 0 0 0 


Puzzle 70:

0 0 0 0 0 Q 0 0 
0 0 Q 0 0 0 0 0 
Q 0 0 0 0 0 0 0 
0 0 0 0 0 0 0 Q 
0 0 0 0 Q 0 0 0 
0 Q 0 0 0 0 0 0 
0 0 0 Q 0 0 0 0 
0 0 0 0 0 0 Q 0 


Puzzle 71:

0 0 0 0 0 Q 0 0 
0 0 Q 0 0 0 0 0 
0 0 0 0 Q 0 0 0 
0 0 0 0 0 0 Q 0 
Q 0 0 0 0 0 0 0 
0 0 0 Q 0 0 0 0 
0 Q 0 0 0 0 0 0 
0 0 0 0 0 0 0 Q 


Puzzle 72:

0 0 0 0 0 Q 0 0 
0 0 Q 0 0 0 0 0 
0 0 0 0 Q 0 0 0 
0 0 0 0 0 0 0 Q 
Q 0 0 0 0 0 0 0 
0 0 0 Q 0 0 0 0 
0 Q 0 0 0 0 0 0 
0 0 0 0 0 0 Q 0 


Puzzle 73:

0 0 0 0 0 Q 0 0 
0 0 Q 0 0 0 0 0 
0 0 0 0 0 0 Q 0 
0 Q 0 0 0 0 0 0 
0 0 0 Q 0 0 0 0 
0 0 0 0 0 0 0 Q 
Q 0 0 0 0 0 0 0 
0 0 0 0 Q 0 0 0 


Puzzle 74:

0 0 0 0 0 Q 0 0 
0 0 Q 0 0 0 0 0 
0 0 0 0 0 0 Q 0 
0 Q 0 0 0 0 0 0 
0 0 0 0 0 0 0 Q 
0 0 0 0 Q 0 0 0 
Q 0 0 0 0 0 0 0 
0 0 0 Q 0 0 0 0 


Puzzle 75:

0 0 0 0 0 Q 0 0 
0 0 Q 0 0 0 0 0 
0 0 0 0 0 0 Q 0 
0 0 0 Q 0 0 0 0 
Q 0 0 0 0 0 0 0 
0 0 0 0 0 0 0 Q 
0 Q 0 0 0 0 0 0 
0 0 0 0 Q 0 0 0 


Puzzle 76:

0 0 0 0 0 Q 0 0 
0 0 0 Q 0 0 0 0 
Q 0 0 0 0 0 0 0 
0 0 0 0 Q 0 0 0 
0 0 0 0 0 0 0 Q 
0 Q 0 0 0 0 0 0 
0 0 0 0 0 0 Q 0 
0 0 Q 0 0 0 0 0 


Puzzle 77:

0 0 0 0 0 Q 0 0 
0 0 0 Q 0 0 0 0 
0 Q 0 0 0 0 0 0 
0 0 0 0 0 0 0 Q 
0 0 0 0 Q 0 0 0 
0 0 0 0 0 0 Q 0 
Q 0 0 0 0 0 0 0 
0 0 Q 0 0 0 0 0 


Puzzle 78:

0 0 0 0 0 Q 0 0 
0 0 0 Q 0 0 0 0 
0 0 0 0 0 0 Q 0 
Q 0 0 0 0 0 0 0 
0 0 Q 0 0 0 0 0 
0 0 0 0 Q 0 0 0 
0 Q 0 0 0 0 0 0 
0 0 0 0 0 0 0 Q 


Puzzle 79:

0 0 0 0 0 Q 0 0 
0 0 0 Q 0 0 0 0 
0 0 0 0 0 0 Q 0 
Q 0 0 0 0 0 0 0 
0 0 0 0 0 0 0 Q 
0 Q 0 0 0 0 0 0 
0 0 0 0 Q 0 0 0 
0 0 Q 0 0 0 0 0 


Puzzle 80:

0 0 0 0 0 Q 0 0 
0 0 0 0 0 0 0 Q 
0 Q 0 0 0 0 0 0 
0 0 0 Q 0 0 0 0 
Q 0 0 0 0 0 0 0 
0 0 0 0 0 0 Q 0 
0 0 0 0 Q 0 0 0 
0 0 Q 0 0 0 0 0 


Puzzle 81:

0 0 0 0 0 0 Q 0 
Q 0 0 0 0 0 0 0 
0 0 Q 0 0 0 0 0 
0 0 0 0 0 0 0 Q 
0 0 0 0 0 Q 0 0 
0 0 0 Q 0 0 0 0 
0 Q 0 0 0 0 0 0 
0 0 0 0 Q 0 0 0 


Puzzle 82:

0 0 0 0 0 0 Q 0 
0 Q 0 0 0 0 0 0 
0 0 0 Q 0 0 0 0 
Q 0 0 0 0 0 0 0 
0 0 0 0 0 0 0 Q 
0 0 0 0 Q 0 0 0 
0 0 Q 0 0 0 0 0 
0 0 0 0 0 Q 0 0 


Puzzle 83:

0 0 0 0 0 0 Q 0 
0 Q 0 0 0 0 0 0 
0 0 0 0 0 Q 0 0 
0 0 Q 0 0 0 0 0 
Q 0 0 0 0 0 0 0 
0 0 0 Q 0 0 0 0 
0 0 0 0 0 0 0 Q 
0 0 0 0 Q 0 0 0 


Puzzle 84:

0 0 0 0 0 0 Q 0 
0 0 Q 0 0 0 0 0 
Q 0 0 0 0 0 0 0 
0 0 0 0 0 Q 0 0 
0 0 0 0 0 0 0 Q 
0 0 0 0 Q 0 0 0 
0 Q 0 0 0 0 0 0 
0 0 0 Q 0 0 0 0 


Puzzle 85:

0 0 0 0 0 0 Q 0 
0 0 Q 0 0 0 0 0 
0 0 0 0 0 0 0 Q 
0 Q 0 0 0 0 0 0 
0 0 0 0 Q 0 0 0 
Q 0 0 0 0 0 0 0 
0 0 0 0 0 Q 0 0 
0 0 0 Q 0 0 0 0 


Puzzle 86:

0 0 0 0 0 0 Q 0 
0 0 0 Q 0 0 0 0 
0 Q 0 0 0 0 0 0 
0 0 0 0 Q 0 0 0 
0 0 0 0 0 0 0 Q 
Q 0 0 0 0 0 0 0 
0 0 Q 0 0 0 0 0 
0 0 0 0 0 Q 0 0 


Puzzle 87:

0 0 0 0 0 0 Q 0 
0 0 0 Q 0 0 0 0 
0 Q 0 0 0 0 0 0 
0 0 0 0 0 0 0 Q 
0 0 0 0 0 Q 0 0 
Q 0 0 0 0 0 0 0 
0 0 Q 0 0 0 0 0 
0 0 0 0 Q 0 0 0 


Puzzle 88:

0 0 0 0 0 0 Q 0 
0 0 0 0 Q 0 0 0 
0 0 Q 0 0 0 0 0 
Q 0 0 0 0 0 0 0 
0 0 0 0 0 Q 0 0 
0 0 0 0 0 0 0 Q 
0 Q 0 0 0 0 0 0 
0 0 0 Q 0 0 0 0 


Puzzle 89:

0 0 0 0 0 0 0 Q 
0 Q 0 0 0 0 0 0 
0 0 0 Q 0 0 0 0 
Q 0 0 0 0 0 0 0 
0 0 0 0 0 0 Q 0 
0 0 0 0 Q 0 0 0 
0 0 Q 0 0 0 0 0 
0 0 0 0 0 Q 0 0 


Puzzle 90:

0 0 0 0 0 0 0 Q 
0 Q 0 0 0 0 0 0 
0 0 0 0 Q 0 0 0 
0 0 Q 0 0 0 0 0 
Q 0 0 0 0 0 0 0 
0 0 0 0 0 0 Q 0 
0 0 0 Q 0 0 0 0 
0 0 0 0 0 Q 0 0 


Puzzle 91:

0 0 0 0 0 0 0 Q 
0 0 Q 0 0 0 0 0 
Q 0 0 0 0 0 0 0 
0 0 0 0 0 Q 0 0 
0 Q 0 0 0 0 0 0 
0 0 0 0 Q 0 0 0 
0 0 0 0 0 0 Q 0 
0 0 0 Q 0 0 0 0 


Puzzle 92:

0 0 0 0 0 0 0 Q 
0 0 0 Q 0 0 0 0 
Q 0 0 0 0 0 0 0 
0 0 Q 0 0 0 0 0 
0 0 0 0 0 Q 0 0 
0 Q 0 0 0 0 0 0 
0 0 0 0 0 0 Q 0 
0 0 0 0 Q 0 0 0 


